<!DOCTYPE html>
<html>
<head>
    <title>Unittest Results</title>
    <meta charset="Gb2312">
    <meta name="viewport" content="width=device-width, initial-scale=1.0">
    <link rel="stylesheet" href="https://maxcdn.bootstrapcdn.com/bootstrap/3.3.6/css/bootstrap.min.css" integrity="sha384-1q8mTJOASx8j1Au+a5WDVnPi2lkFfwwEAa8hDDdjZlpLegxhjVME1fgjWPGmkzs7" crossorigin="anonymous">
</head>
<body>
    <div class="container">
        <div class="row">
            <div class="col-xs-12">
                <h2 class="text-capitalize">Unittest Results</h2>
                <p class='attribute'><strong>Start Time: </strong>2021-05-06 21:45:28</p>
                <p class='attribute'><strong>Duration: </strong>71.00 s</p>
                <p class='attribute'><strong>Summary: </strong>Total: 3, Pass: 1, Error: 2</p>
            </div>
        </div>
        <div class="row">
            <div class="col-xs-12 col-sm-10 col-md-10">
                <table class='table table-hover table-responsive'>
                    <thead>
                        <tr>
                            <th>test_login.TestLogin</th>
                            <th>Status</th>
                            <th></th>
                        </tr>
                    </thead>
                    <tbody>
                        <tr class='warning'>
                            <td class="col-xs-10">test_1_login_success</td>
                            <td class="col-xs-1">
                                <span class="label label-warning" style="display:block;width:40px;">Error</span>
                            </td>
                            <td class="col-xs-1">
                                <button class="btn btn-default btn-xs">View</button>
                            </td>
                        </tr>
                        <tr style="display:none;">
                            <td class="col-xs-9" colspan="3"><p style="color:maroon;">TimeoutException: Message: timeout
  (Session info: chrome=74.0.3729.131)
  (Driver info: chromedriver=74.0.3729.6 (255758eccf3d244491b8a1317aa76e1ce10d57e9-refs/branch-heads/3729@{#29}),platform=Windows NT 10.0.19042 x86_64)
</p><p style="color:maroon;">Traceback (most recent call last):
  File "C:\Users\chengzhi.zou\Desktop\wenT_AutoTest\SeleniumWebdriverPO\Test_Bussiness\test_login.py", line 25, in test_1_login_success
    self.login.sub_login('gyppp@qq.com', '123456', '1111')
  File "C:\Users\chengzhi.zou\Desktop\wenT_AutoTest\SeleniumWebdriverPO\Page\Page_Login.py", line 22, in sub_login
    self.click("[value='µÇ Â¼']")
  File "C:\Users\chengzhi.zou\Desktop\wenT_AutoTest\SeleniumWebdriverPO\BaseDriver\Base_Driver.py", line 45, in click
    element.click()
  File "C:\Users\chengzhi.zou\AppData\Local\Programs\Python\Python38\lib\site-packages\selenium\webdriver\remote\webelement.py", line 80, in click
    self._execute(Command.CLICK_ELEMENT)
  File "C:\Users\chengzhi.zou\AppData\Local\Programs\Python\Python38\lib\site-packages\selenium\webdriver\remote\webelement.py", line 633, in _execute
    return self._parent.execute(command, params)
  File "C:\Users\chengzhi.zou\AppData\Local\Programs\Python\Python38\lib\site-packages\selenium\webdriver\remote\webdriver.py", line 321, in execute
    self.error_handler.check_response(response)
  File "C:\Users\chengzhi.zou\AppData\Local\Programs\Python\Python38\lib\site-packages\selenium\webdriver\remote\errorhandler.py", line 242, in check_response
    raise exception_class(message, screen, stacktrace)
selenium.common.exceptions.TimeoutException: Message: timeout
  (Session info: chrome=74.0.3729.131)
  (Driver info: chromedriver=74.0.3729.6 (255758eccf3d244491b8a1317aa76e1ce10d57e9-refs/branch-heads/3729@{#29}),platform=Windows NT 10.0.19042 x86_64)

[2021-05-06 21:45:38.965367] [INFO] [Base_Driver.py] [get] [89] http://120.79.100.4:9013/user/login
[2021-05-06 21:45:42.343258] [INFO] [Base_Driver.py] [find] [21] [name='email']
[2021-05-06 21:45:42.518376] [INFO] [Base_Driver.py] [find] [21] [name='password']
[2021-05-06 21:45:42.580285] [INFO] [Base_Driver.py] [find] [21] [id='changeCode']
[2021-05-06 21:45:42.646106] [INFO] [Base_Driver.py] [find] [21] [value='µÇ Â¼']
</p>
                            </td>
                        </tr>
                        <tr class='success'>
                            <td class="col-xs-10">test_login_fail_1___gyppp_qq_com____1234____1111____ÓÃ»§Ãû»òÕßÃÜÂë´íÎó__</td>
                            <td class="col-xs-1">
                                <span class="label label-success" style="display:block;width:40px;">Pass</span>
                            </td>
                            <td class="col-xs-1">
                            </td>
                        </tr>
                        <tr class='warning'>
                            <td class="col-xs-10">test_login_fail_2____qq_com____123456____1111____ÓÃ»§Ãû»òÕßÃÜÂë´íÎó__</td>
                            <td class="col-xs-1">
                                <span class="label label-warning" style="display:block;width:40px;">Error</span>
                            </td>
                            <td class="col-xs-1">
                                <button class="btn btn-default btn-xs">View</button>
                            </td>
                        </tr>
                        <tr style="display:none;">
                            <td class="col-xs-9" colspan="3"><p style="color:maroon;">TimeoutException: Message: timeout
  (Session info: chrome=74.0.3729.131)
  (Driver info: chromedriver=74.0.3729.6 (255758eccf3d244491b8a1317aa76e1ce10d57e9-refs/branch-heads/3729@{#29}),platform=Windows NT 10.0.19042 x86_64)
</p><p style="color:maroon;">Traceback (most recent call last):
  File "C:\Users\chengzhi.zou\AppData\Local\Programs\Python\Python38\lib\site-packages\ddt.py", line 182, in wrapper
    return func(self, *args, **kwargs)
  File "C:\Users\chengzhi.zou\Desktop\wenT_AutoTest\SeleniumWebdriverPO\Test_Bussiness\test_login.py", line 34, in test_login_fail
    self.login.sub_login(p[0], p[1], p[2])
  File "C:\Users\chengzhi.zou\Desktop\wenT_AutoTest\SeleniumWebdriverPO\Page\Page_Login.py", line 22, in sub_login
    self.click("[value='µÇ Â¼']")
  File "C:\Users\chengzhi.zou\Desktop\wenT_AutoTest\SeleniumWebdriverPO\BaseDriver\Base_Driver.py", line 45, in click
    element.click()
  File "C:\Users\chengzhi.zou\AppData\Local\Programs\Python\Python38\lib\site-packages\selenium\webdriver\remote\webelement.py", line 80, in click
    self._execute(Command.CLICK_ELEMENT)
  File "C:\Users\chengzhi.zou\AppData\Local\Programs\Python\Python38\lib\site-packages\selenium\webdriver\remote\webelement.py", line 633, in _execute
    return self._parent.execute(command, params)
  File "C:\Users\chengzhi.zou\AppData\Local\Programs\Python\Python38\lib\site-packages\selenium\webdriver\remote\webdriver.py", line 321, in execute
    self.error_handler.check_response(response)
  File "C:\Users\chengzhi.zou\AppData\Local\Programs\Python\Python38\lib\site-packages\selenium\webdriver\remote\errorhandler.py", line 242, in check_response
    raise exception_class(message, screen, stacktrace)
selenium.common.exceptions.TimeoutException: Message: timeout
  (Session info: chrome=74.0.3729.131)
  (Driver info: chromedriver=74.0.3729.6 (255758eccf3d244491b8a1317aa76e1ce10d57e9-refs/branch-heads/3729@{#29}),platform=Windows NT 10.0.19042 x86_64)

[2021-05-06 21:46:23.321405] [INFO] [Base_Driver.py] [get] [89] http://120.79.100.4:9013/user/login
[2021-05-06 21:46:26.606468] [INFO] [Base_Driver.py] [find] [21] [name='email']
[2021-05-06 21:46:26.788624] [INFO] [Base_Driver.py] [find] [21] [name='password']
[2021-05-06 21:46:26.849580] [INFO] [Base_Driver.py] [find] [21] [id='changeCode']
[2021-05-06 21:46:26.909343] [INFO] [Base_Driver.py] [find] [21] [value='µÇ Â¼']
</p>
                            </td>
                        </tr>
                        <tr>
                            <td colspan="3">
                                Total: 3, Pass: 1, Error: 2 -- Duration: 71.00 s
                            </td>
                        </tr>
                    </tbody>
                </table>
            </div>
        </div>
    </div>
    <script src="https://cdn.bootcss.com/jquery/3.2.1/jquery.min.js"></script>
    <script type="text/javascript">
        $(document).ready(function(){
            $('td').on('click', '.btn', function(e){
                e.preventDefault();
                e.stopImmediatePropagation();
                var $this = $(this);
                var $nextRow = $this.closest('tr').next('tr');
                $nextRow.slideToggle("fast");
                $this.text(function(i, text){
                    if (text === 'View') {
                        return 'Hide';
                    } else {
                        return 'View';
                    };
                });
            });
        });
    </script>
</body>
</html